Using pre-set license

 COMMAND LINE ARGUMENTS:
/Applications/Unity/Hub/Editor/2020.3.2f1/Unity.app/Contents/MacOS/Unity
-adb2
-batchMode
-noUpm
-name
AssetImportWorker0
-projectPath
/Users/baokb/Projects/Game/Unity/Project/penguin
-logFile
Logs/AssetImportWorker0.log
-srvPort
60870
Successfully changed project path to: /Users/baokb/Projects/Game/Unity/Project/penguin
/Users/baokb/Projects/Game/Unity/Project/penguin
Using Asset Import Pipeline V2.
Refreshing native plugins compatible for Editor in 35.50 ms, found 2 plugins.
Preloading 0 native plugins for Editor in 0.00 ms.
Initialize engine version: 2020.3.2f1 (8fd9074bf66c)
[Subsystems] Discovering subsystems at path /Applications/Unity/Hub/Editor/2020.3.2f1/Unity.app/Contents/Resources/UnitySubsystems
[Subsystems] Discovering subsystems at path /Users/baokb/Projects/Game/Unity/Project/penguin/Assets
GfxDevice: creating device client; threaded=0
2021-05-13 21:12:50.069 Unity[16688:288446] Color LCD preferred device: AMD Radeon Pro 5300M (high power)
2021-05-13 21:12:50.069 Unity[16688:288446] Metal devices available: 2
2021-05-13 21:12:50.069 Unity[16688:288446] 0: AMD Radeon Pro 5300M (high power)
2021-05-13 21:12:50.069 Unity[16688:288446] 1: Intel(R) UHD Graphics 630 (low power)
2021-05-13 21:12:50.070 Unity[16688:288446] Using device AMD Radeon Pro 5300M (high power)
Initializing Metal device caps: AMD Radeon Pro 5300M
Initialize mono
Mono path[0] = '/Applications/Unity/Hub/Editor/2020.3.2f1/Unity.app/Contents/Managed'
Mono path[1] = '/Applications/Unity/Hub/Editor/2020.3.2f1/Unity.app/Contents/MonoBleedingEdge/lib/mono/unityjit'
Mono config path = '/Applications/Unity/Hub/Editor/2020.3.2f1/Unity.app/Contents/MonoBleedingEdge/etc'
Using monoOptions --debugger-agent=transport=dt_socket,embedding=1,server=y,suspend=n,address=127.0.0.1:56688
Begin MonoManager ReloadAssembly
Registering precompiled unity dll's ...
Register platform support module: /Applications/Unity/Hub/Editor/2020.3.2f1/Unity.app/Contents/PlaybackEngines/MacStandaloneSupport/UnityEditor.OSXStandalone.Extensions.dll
Register platform support module: /Applications/Unity/Hub/Editor/2020.3.2f1/PlaybackEngines/WindowsStandaloneSupport/UnityEditor.WindowsStandalone.Extensions.dll
Registered in 0.000618 seconds.
Native extension for WindowsStandalone target not found
Native extension for OSXStandalone target not found
Refreshing native plugins compatible for Editor in 31.69 ms, found 2 plugins.
Preloading 0 native plugins for Editor in 0.00 ms.
Invoked RoslynAnalysisRunner static constructor.
RoslynAnalysisRunner will not be running.
RoslynAnalysisRunner has terminated.
Mono: successfully reloaded assembly
- Completed reload, in  2.982 seconds
Platform modules already initialized, skipping
Registering precompiled user dll's ...
Registered in 0.000532 seconds.
Begin MonoManager ReloadAssembly
Native extension for WindowsStandalone target not found
Native extension for OSXStandalone target not found
Refreshing native plugins compatible for Editor in 32.84 ms, found 2 plugins.
Preloading 0 native plugins for Editor in 0.00 ms.
Invoked RoslynAnalysisRunner static constructor.
RoslynAnalysisRunner will not be running.
RoslynAnalysisRunner has terminated.
Mono: successfully reloaded assembly
- Completed reload, in  0.926 seconds
Platform modules already initialized, skipping
========================================================================
Worker process is ready to serve import requests
Launching external process: /Applications/Unity/Hub/Editor/2020.3.2f1/Unity.app/Contents/Tools/UnityShaderCompiler
Launched and connected shader compiler UnityShaderCompiler after 0.01 seconds
Refreshing native plugins compatible for Editor in 0.34 ms, found 2 plugins.
Preloading 0 native plugins for Editor in 0.00 ms.
Unloading 1848 Unused Serialized files (Serialized files now loaded: 0)
System memory in use before: 152.5 MB.
System memory in use after: 152.5 MB.

Unloading 24 unused Assets to reduce memory usage. Loaded Objects now: 2289.
Total: 3.198564 ms (FindLiveObjects: 0.176738 ms CreateObjectMapping: 0.068379 ms MarkObjects: 2.769271 ms  DeleteObjects: 0.183370 ms)

========================================================================
Received Import Request.
  path: Assets/PenguinAdventure/Scene/Menu.unity
  artifactKey: Guid(6123e6417f9d9d34f92921bdb8101d76) Importer(815301076,1909f56bfc062723c751e8b465ee728b)
Start importing Assets/PenguinAdventure/Scene/Menu.unity using Guid(6123e6417f9d9d34f92921bdb8101d76) Importer(815301076,1909f56bfc062723c751e8b465ee728b)  -> (artifact id: '7eb4c5ca98d5252a98ab5ac578f3f9e7') in 0.009238 seconds
  Import took 0.011476 seconds .

========================================================================
Received Import Request.
  Time since last request: 5.066758 seconds.
  path: Assets/PenguinAdventure/Scene/Menu.unity
  artifactKey: Guid(6123e6417f9d9d34f92921bdb8101d76) Importer(815301076,1909f56bfc062723c751e8b465ee728b)
Start importing Assets/PenguinAdventure/Scene/Menu.unity using Guid(6123e6417f9d9d34f92921bdb8101d76) Importer(815301076,1909f56bfc062723c751e8b465ee728b)  -> (artifact id: '7eb4c5ca98d5252a98ab5ac578f3f9e7') in 0.001122 seconds
  Import took 0.003728 seconds .

========================================================================
Received Prepare
Refreshing native plugins compatible for Editor in 1.05 ms, found 2 plugins.
Preloading 0 native plugins for Editor in 0.00 ms.
Unloading 10 Unused Serialized files (Serialized files now loaded: 0)
System memory in use before: 116.2 MB.
System memory in use after: 116.2 MB.

Unloading 10 unused Assets to reduce memory usage. Loaded Objects now: 2289.
Total: 1.965305 ms (FindLiveObjects: 0.179329 ms CreateObjectMapping: 0.058629 ms MarkObjects: 1.649941 ms  DeleteObjects: 0.076706 ms)

========================================================================
Received Prepare
Registering precompiled user dll's ...
Registered in 0.000538 seconds.
Begin MonoManager ReloadAssembly
Native extension for WindowsStandalone target not found
Native extension for OSXStandalone target not found
Refreshing native plugins compatible for Editor in 0.33 ms, found 2 plugins.
Preloading 0 native plugins for Editor in 0.00 ms.
Invoked RoslynAnalysisRunner static constructor.
RoslynAnalysisRunner will not be running.
RoslynAnalysisRunner has terminated.
Mono: successfully reloaded assembly
- Completed reload, in  0.880 seconds
Platform modules already initialized, skipping
Switching build target platform(2) subTarget(0) extendedPlatform(0) -> platform(13) subTarget(589824) extendedPlatform(0)
Refreshing native plugins compatible for Editor in 0.35 ms, found 2 plugins.
Preloading 0 native plugins for Editor in 0.00 ms.
Unloading 1846 Unused Serialized files (Serialized files now loaded: 0)
System memory in use before: 153.2 MB.
System memory in use after: 153.1 MB.

Unloading 12 unused Assets to reduce memory usage. Loaded Objects now: 2293.
Total: 2.124498 ms (FindLiveObjects: 0.204841 ms CreateObjectMapping: 0.074303 ms MarkObjects: 1.742102 ms  DeleteObjects: 0.102120 ms)

AssetImportParameters requested are different than current active one (requested -> active):
  custom:graphics/normal-map-encoding: 01000000000000000000000000000000 -> 02000000000000000000000000000000
========================================================================
Received Prepare
Refreshing native plugins compatible for Editor in 1.07 ms, found 2 plugins.
Preloading 0 native plugins for Editor in 0.00 ms.
Unloading 10 Unused Serialized files (Serialized files now loaded: 0)
System memory in use before: 117.2 MB.
System memory in use after: 117.2 MB.

Unloading 10 unused Assets to reduce memory usage. Loaded Objects now: 2293.
Total: 1.900663 ms (FindLiveObjects: 0.228448 ms CreateObjectMapping: 0.070294 ms MarkObjects: 1.504617 ms  DeleteObjects: 0.096559 ms)

========================================================================
Received Import Request.
  Time since last request: 296.323670 seconds.
  path: Assets/Admob/Ads/AdsController.prefab
  artifactKey: Guid(1399fa6c0fce16243ab6eb14187d9833) Importer(815301076,1909f56bfc062723c751e8b465ee728b)
Start importing Assets/Admob/Ads/AdsController.prefab using Guid(1399fa6c0fce16243ab6eb14187d9833) Importer(815301076,1909f56bfc062723c751e8b465ee728b)  -> (artifact id: '309151765c42089d8fec14a89ee2847f') in 1.105943 seconds
  Import took 1.109516 seconds .

