Using pre-set license

 COMMAND LINE ARGUMENTS:
/Applications/Unity/Hub/Editor/2020.3.2f1/Unity.app/Contents/MacOS/Unity
-adb2
-batchMode
-noUpm
-name
AssetImportWorker0
-projectPath
/Users/baokb/Projects/Game/Unity/Project/penguin
-logFile
Logs/AssetImportWorker0.log
-srvPort
61195
Successfully changed project path to: /Users/baokb/Projects/Game/Unity/Project/penguin
/Users/baokb/Projects/Game/Unity/Project/penguin
Using Asset Import Pipeline V2.
Refreshing native plugins compatible for Editor in 38.39 ms, found 2 plugins.
Preloading 0 native plugins for Editor in 0.00 ms.
Initialize engine version: 2020.3.2f1 (8fd9074bf66c)
[Subsystems] Discovering subsystems at path /Applications/Unity/Hub/Editor/2020.3.2f1/Unity.app/Contents/Resources/UnitySubsystems
[Subsystems] Discovering subsystems at path /Users/baokb/Projects/Game/Unity/Project/penguin/Assets
GfxDevice: creating device client; threaded=0
2021-05-13 21:20:39.987 Unity[18159:300420] Color LCD preferred device: AMD Radeon Pro 5300M (high power)
2021-05-13 21:20:39.987 Unity[18159:300420] Metal devices available: 2
2021-05-13 21:20:39.987 Unity[18159:300420] 0: AMD Radeon Pro 5300M (high power)
2021-05-13 21:20:39.988 Unity[18159:300420] 1: Intel(R) UHD Graphics 630 (low power)
2021-05-13 21:20:39.988 Unity[18159:300420] Using device AMD Radeon Pro 5300M (high power)
Initializing Metal device caps: AMD Radeon Pro 5300M
Initialize mono
Mono path[0] = '/Applications/Unity/Hub/Editor/2020.3.2f1/Unity.app/Contents/Managed'
Mono path[1] = '/Applications/Unity/Hub/Editor/2020.3.2f1/Unity.app/Contents/MonoBleedingEdge/lib/mono/unityjit'
Mono config path = '/Applications/Unity/Hub/Editor/2020.3.2f1/Unity.app/Contents/MonoBleedingEdge/etc'
Using monoOptions --debugger-agent=transport=dt_socket,embedding=1,server=y,suspend=n,address=127.0.0.1:56159
Begin MonoManager ReloadAssembly
Registering precompiled unity dll's ...
Register platform support module: /Applications/Unity/Hub/Editor/2020.3.2f1/Unity.app/Contents/PlaybackEngines/MacStandaloneSupport/UnityEditor.OSXStandalone.Extensions.dll
Register platform support module: /Applications/Unity/Hub/Editor/2020.3.2f1/PlaybackEngines/WindowsStandaloneSupport/UnityEditor.WindowsStandalone.Extensions.dll
Registered in 0.000671 seconds.
Native extension for WindowsStandalone target not found
Native extension for OSXStandalone target not found
Refreshing native plugins compatible for Editor in 37.41 ms, found 2 plugins.
Preloading 0 native plugins for Editor in 0.00 ms.
Invoked RoslynAnalysisRunner static constructor.
RoslynAnalysisRunner will not be running.
RoslynAnalysisRunner has terminated.
Mono: successfully reloaded assembly
- Completed reload, in  3.112 seconds
Platform modules already initialized, skipping
Registering precompiled user dll's ...
Registered in 0.000780 seconds.
Begin MonoManager ReloadAssembly
Native extension for WindowsStandalone target not found
Native extension for OSXStandalone target not found
Refreshing native plugins compatible for Editor in 34.38 ms, found 2 plugins.
Preloading 0 native plugins for Editor in 0.00 ms.
Invoked RoslynAnalysisRunner static constructor.
RoslynAnalysisRunner will not be running.
RoslynAnalysisRunner has terminated.
Mono: successfully reloaded assembly
- Completed reload, in  0.994 seconds
Platform modules already initialized, skipping
========================================================================
Worker process is ready to serve import requests
Launching external process: /Applications/Unity/Hub/Editor/2020.3.2f1/Unity.app/Contents/Tools/UnityShaderCompiler
Launched and connected shader compiler UnityShaderCompiler after 0.01 seconds
Refreshing native plugins compatible for Editor in 0.53 ms, found 2 plugins.
Preloading 0 native plugins for Editor in 0.00 ms.
Unloading 1925 Unused Serialized files (Serialized files now loaded: 0)
System memory in use before: 155.3 MB.
System memory in use after: 155.4 MB.

Unloading 51 unused Assets to reduce memory usage. Loaded Objects now: 2341.
Total: 2.424343 ms (FindLiveObjects: 0.179953 ms CreateObjectMapping: 0.071412 ms MarkObjects: 2.109000 ms  DeleteObjects: 0.063181 ms)

========================================================================
Received Import Request.
  path: Assets/Admob/Ads/AdsController.prefab
  artifactKey: Guid(1399fa6c0fce16243ab6eb14187d9833) Importer(815301076,1909f56bfc062723c751e8b465ee728b)
Start importing Assets/Admob/Ads/AdsController.prefab using Guid(1399fa6c0fce16243ab6eb14187d9833) Importer(815301076,1909f56bfc062723c751e8b465ee728b)  -> (artifact id: 'f5ed6df1a8d654795794fc24d7781f1d') in 0.750056 seconds
  Import took 0.752892 seconds .

========================================================================
Received Import Request.
  Time since last request: 73.673215 seconds.
  path: Assets/PenguinAdventure/Script/Other
  artifactKey: Guid(2b66d17069e73c940995e1f85e4131b6) Importer(815301076,1909f56bfc062723c751e8b465ee728b)
Start importing Assets/PenguinAdventure/Script/Other using Guid(2b66d17069e73c940995e1f85e4131b6) Importer(815301076,1909f56bfc062723c751e8b465ee728b)  -> (artifact id: 'be2b9555c54a7ed74c8071bc48b532c6') in 0.000932 seconds
  Import took 0.003586 seconds .

========================================================================
Received Import Request.
  Time since last request: 4.017481 seconds.
  path: Assets/PenguinAdventure/Script/System/GameManager.cs
  artifactKey: Guid(e98975ae853067648898fb341cd89f5a) Importer(815301076,1909f56bfc062723c751e8b465ee728b)
Start importing Assets/PenguinAdventure/Script/System/GameManager.cs using Guid(e98975ae853067648898fb341cd89f5a) Importer(815301076,1909f56bfc062723c751e8b465ee728b)  -> (artifact id: '6a0fbb59c3865253cf0f5305718e46fa') in 0.530110 seconds
  Import took 0.532687 seconds .

========================================================================
Received Prepare
Registering precompiled user dll's ...
Registered in 0.000555 seconds.
Begin MonoManager ReloadAssembly
Native extension for WindowsStandalone target not found
Native extension for OSXStandalone target not found
Refreshing native plugins compatible for Editor in 0.58 ms, found 2 plugins.
Preloading 0 native plugins for Editor in 0.00 ms.
Invoked RoslynAnalysisRunner static constructor.
RoslynAnalysisRunner will not be running.
RoslynAnalysisRunner has terminated.
Mono: successfully reloaded assembly
- Completed reload, in  0.945 seconds
Platform modules already initialized, skipping
Switching build target platform(2) subTarget(0) extendedPlatform(0) -> platform(13) subTarget(589824) extendedPlatform(0)
Refreshing native plugins compatible for Editor in 0.54 ms, found 2 plugins.
Preloading 0 native plugins for Editor in 0.00 ms.
Unloading 1918 Unused Serialized files (Serialized files now loaded: 0)
System memory in use before: 163.1 MB.
System memory in use after: 163.2 MB.

Unloading 39 unused Assets to reduce memory usage. Loaded Objects now: 2345.
Total: 1.730391 ms (FindLiveObjects: 0.173071 ms CreateObjectMapping: 0.056657 ms MarkObjects: 1.483899 ms  DeleteObjects: 0.015794 ms)

AssetImportParameters requested are different than current active one (requested -> active):
  custom:graphics/normal-map-encoding: 01000000000000000000000000000000 -> 02000000000000000000000000000000
========================================================================
Received Prepare
Registering precompiled user dll's ...
Registered in 0.000490 seconds.
Begin MonoManager ReloadAssembly
Native extension for WindowsStandalone target not found
Native extension for OSXStandalone target not found
Refreshing native plugins compatible for Editor in 0.56 ms, found 2 plugins.
Preloading 0 native plugins for Editor in 0.00 ms.
Invoked RoslynAnalysisRunner static constructor.
RoslynAnalysisRunner will not be running.
RoslynAnalysisRunner has terminated.
Mono: successfully reloaded assembly
- Completed reload, in  0.899 seconds
Platform modules already initialized, skipping
Switching build target platform(2) subTarget(0) extendedPlatform(0) -> platform(13) subTarget(589824) extendedPlatform(0)
Refreshing native plugins compatible for Editor in 0.50 ms, found 2 plugins.
Preloading 0 native plugins for Editor in 0.00 ms.
Unloading 1918 Unused Serialized files (Serialized files now loaded: 0)
System memory in use before: 163.3 MB.
System memory in use after: 163.4 MB.

Unloading 39 unused Assets to reduce memory usage. Loaded Objects now: 2349.
Total: 1.607978 ms (FindLiveObjects: 0.160670 ms CreateObjectMapping: 0.053357 ms MarkObjects: 1.379170 ms  DeleteObjects: 0.014071 ms)

AssetImportParameters requested are different than current active one (requested -> active):
  custom:graphics/normal-map-encoding: 01000000000000000000000000000000 -> 02000000000000000000000000000000
========================================================================
Received Import Request.
  Time since last request: 71.255219 seconds.
  path: Assets/PenguinAdventure/Script/System/GameManager.cs
  artifactKey: Guid(e98975ae853067648898fb341cd89f5a) Importer(815301076,1909f56bfc062723c751e8b465ee728b)
Start importing Assets/PenguinAdventure/Script/System/GameManager.cs using Guid(e98975ae853067648898fb341cd89f5a) Importer(815301076,1909f56bfc062723c751e8b465ee728b)  -> (artifact id: '5709161984b662401a8285f66f12de2b') in 0.003627 seconds
  Import took 0.005732 seconds .

========================================================================
Received Prepare
Registering precompiled user dll's ...
Registered in 0.000617 seconds.
Begin MonoManager ReloadAssembly
Native extension for WindowsStandalone target not found
Native extension for OSXStandalone target not found
Refreshing native plugins compatible for Editor in 0.56 ms, found 2 plugins.
Preloading 0 native plugins for Editor in 0.00 ms.
Invoked RoslynAnalysisRunner static constructor.
RoslynAnalysisRunner will not be running.
RoslynAnalysisRunner has terminated.
Mono: successfully reloaded assembly
- Completed reload, in  0.870 seconds
Platform modules already initialized, skipping
Switching build target platform(2) subTarget(0) extendedPlatform(0) -> platform(13) subTarget(589824) extendedPlatform(0)
Refreshing native plugins compatible for Editor in 0.49 ms, found 2 plugins.
Preloading 0 native plugins for Editor in 0.00 ms.
Unloading 1918 Unused Serialized files (Serialized files now loaded: 0)
System memory in use before: 163.7 MB.
System memory in use after: 163.8 MB.

Unloading 39 unused Assets to reduce memory usage. Loaded Objects now: 2353.
Total: 1.646162 ms (FindLiveObjects: 0.204639 ms CreateObjectMapping: 0.054873 ms MarkObjects: 1.367320 ms  DeleteObjects: 0.018663 ms)

AssetImportParameters requested are different than current active one (requested -> active):
  custom:graphics/normal-map-encoding: 01000000000000000000000000000000 -> 02000000000000000000000000000000
========================================================================
Received Prepare
Refreshing native plugins compatible for Editor in 4.18 ms, found 2 plugins.
Preloading 0 native plugins for Editor in 0.00 ms.
Unloading 37 Unused Serialized files (Serialized files now loaded: 0)
System memory in use before: 127.1 MB.
System memory in use after: 127.3 MB.

Unloading 37 unused Assets to reduce memory usage. Loaded Objects now: 2353.
Total: 1.694861 ms (FindLiveObjects: 0.218268 ms CreateObjectMapping: 0.053921 ms MarkObjects: 1.407726 ms  DeleteObjects: 0.014041 ms)

AssetImportWorkerClient::OnTransportError - code=2 error=End of file
